Errors from the terminal:

When running make test_matrixmath =>

foss/designs/MatrixMath > make test_matrixmath
rm -rf sim_build/; mkdir sim_build/
iverilog -o sim_build/sim.vvp -g2012 src/MatrixMath.v src/MatrixOps.v
src/MatrixOps.v:76: error: Cannot perform procedural assignment to array 'MatA' because it is also continuously assigned.
src/MatrixOps.v:77: error: Cannot perform procedural assignment to array 'MatB' because it is also continuously assigned.
src/MatrixOps.v:78: error: the type of the variable 'MatrixC' doesn't match the context type.
src/MatrixOps.v:78:      : variable type=netvector_t:logic unsigned[7:0]
src/MatrixOps.v:78:      : context type=11netuarray_t
src/MatrixMath.v:110: sorry: Array slices are not yet supported for continuous assignment.
src/MatrixMath.v:110:      : Port 4 (MatrixA) of MatrixOps is connected to MatrixA['sd2:'sd0]['sd2:'sd0]
src/MatrixMath.v:110: sorry: Array slices are not yet supported for continuous assignment.
src/MatrixMath.v:110:      : Port 5 (MatrixB) of MatrixOps is connected to MatrixB['sd2:'sd0]['sd2:'sd0]
src/MatrixMath.v:110: sorry: Array slices are not yet supported for continuous assignment.
src/MatrixMath.v:110:      : Port 6 (MatrixC) of MatrixOps is connected to MatrixC['sd2:'sd0]['sd2:'sd0]
6 error(s) during elaboration.
make: *** [Makefile:49: test_matrixmath] Error 6

When running librelane config.json =>

(lots of stuff then)

3. Executing Verilog-2005 frontend: /foss/designs/MatrixMath/src/MatrixOps.v                                                         
/foss/designs/MatrixMath/src/MatrixOps.v:27: ERROR: syntax error, unexpected '[', expecting ',' or '=' or ')'                        
[23:06:30] ERROR    Subprocess had a non-zero exit.                                                                      step.py:1385
[23:06:30] ERROR    Last 10 line(s):                                                                                     step.py:1390
                    Successfully finished Verilog frontend.                                                                          
                    wtaf                                                                                                             
                                                                                                                                     
                    2. Executing Verilog-2005 frontend: /foss/designs/MatrixMath/src/MatrixMath.v                                    
                    Parsing SystemVerilog input from `/foss/designs/MatrixMath/src/MatrixMath.v' to AST representation.              
                    Storing AST representation for module `$abstract\MatrixMath'.                                                    
                    Successfully finished Verilog frontend.                                                                          
                                                                                                                                     
                    3. Executing Verilog-2005 frontend: /foss/designs/MatrixMath/src/MatrixOps.v                                     
                    /foss/designs/MatrixMath/src/MatrixOps.v:27: ERROR: syntax error, unexpected '[', expecting ',' or               
                    '=' or ')'                                                                                                       
                                                                                                                                     
[23:06:30] ERROR    Full log file: 'runs/RUN_2026-02-06_23-06-27/05-yosys-jsonheader/yosys-jsonheader.log'               step.py:1393
Classic - Stage 5 - Generate JSON Header ━━╺━━━━━━━━━━━━━━━━━━━━━━━━━━━━━━━━━━━━━  4/79 0:00:02
[23:06:30] WARNING  The following warnings were generated by the flow:                                                    flow.py:701
[23:06:30] WARNING  [Checker.LintWarnings] 475 Lint warnings found.                                                       flow.py:703
[23:06:30] ERROR    The following error was encountered while running the flow:                                       __main__.py:188
                    Generate JSON Header: subprocess (1, ['yosys', '-y',                                                             
                    '/usr/local/lib/python3.12/dist-packages/librelane/scripts/pyosys/json_header.py', '--',                         
                    '--config-in',                                                                                                   
                    '/foss/designs/MatrixMath/runs/RUN_2026-02-06_23-06-27/05-yosys-jsonheader/config.json',                         
                    '--extra-in',                                                                                                    
                    '/foss/designs/MatrixMath/runs/RUN_2026-02-06_23-06-27/05-yosys-jsonheader/extra.json',                          
                    '--output',                                                                                                      
                    '/foss/designs/MatrixMath/runs/RUN_2026-02-06_23-06-27/05-yosys-jsonheader/MatrixMath.h.json'])                  
                    failed                                                                                                           
[23:06:30] ERROR    LibreLane will now quit.                                                                         


